<?xml version="1.0" encoding="UTF-8"?>
<testng-results skipped="0" failed="0" ignored="0" total="1" passed="1">
  <reporter-output>
  </reporter-output>
  <suite name="suite1" duration-ms="12725" started-at="2017-02-25T08:40:46Z" finished-at="2017-02-25T08:40:59Z">
    <groups>
    </groups>
    <test name="test1" duration-ms="12725" started-at="2017-02-25T08:40:46Z" finished-at="2017-02-25T08:40:59Z">
      <class name="selenium_TestNG.NewTest">
        <test-method status="PASS" signature="beforeClass()[pri:0, instance:selenium_TestNG.NewTest@3a82f6ef]" name="beforeClass" is-config="true" duration-ms="7" started-at="2017-02-25T16:40:46Z" finished-at="2017-02-25T16:40:46Z">
          <reporter-output>
          </reporter-output>
        </test-method> <!-- beforeClass -->
        <test-method status="PASS" signature="beforeMethod()[pri:0, instance:selenium_TestNG.NewTest@3a82f6ef]" name="beforeMethod" is-config="true" duration-ms="0" started-at="2017-02-25T16:40:46Z" finished-at="2017-02-25T16:40:46Z">
          <reporter-output>
          </reporter-output>
        </test-method> <!-- beforeMethod -->
        <test-method status="PASS" signature="testng001()[pri:0, instance:selenium_TestNG.NewTest@3a82f6ef]" name="testng001" duration-ms="12701" started-at="2017-02-25T16:40:46Z" finished-at="2017-02-25T16:40:59Z">
          <reporter-output>
          </reporter-output>
        </test-method> <!-- testng001 -->
        <test-method status="PASS" signature="afterMethod()[pri:0, instance:selenium_TestNG.NewTest@3a82f6ef]" name="afterMethod" is-config="true" duration-ms="0" started-at="2017-02-25T16:40:59Z" finished-at="2017-02-25T16:40:59Z">
          <reporter-output>
          </reporter-output>
        </test-method> <!-- afterMethod -->
        <test-method status="PASS" signature="afterClass()[pri:0, instance:selenium_TestNG.NewTest@3a82f6ef]" name="afterClass" is-config="true" duration-ms="0" started-at="2017-02-25T16:40:59Z" finished-at="2017-02-25T16:40:59Z">
          <reporter-output>
          </reporter-output>
        </test-method> <!-- afterClass -->
      </class> <!-- selenium_TestNG.NewTest -->
    </test> <!-- test1 -->
  </suite> <!-- suite1 -->
</testng-results>
